C:\xampp\htdocs\fans\.htaccess
C:\xampp\htdocs\fans\api\.htaccess
C:\xampp\htdocs\fans\api\index.php
C:\xampp\htdocs\fans\composer.json
C:\xampp\htdocs\fans\controllers\AcaraController.php
C:\xampp\htdocs\fans\controllers\ApiController.php
C:\xampp\htdocs\fans\controllers\AudittrailController.php
C:\xampp\htdocs\fans\controllers\BerandaController.php
C:\xampp\htdocs\fans\controllers\ControllerBase.php
C:\xampp\htdocs\fans\controllers\EmployeesController.php
C:\xampp\htdocs\fans\controllers\FansController.php
C:\xampp\htdocs\fans\controllers\LokasiController.php
C:\xampp\htdocs\fans\controllers\OthersController.php
C:\xampp\htdocs\fans\controllers\RadioController.php
C:\xampp\htdocs\fans\controllers\UserlevelpermissionsController.php
C:\xampp\htdocs\fans\controllers\UserlevelsController.php
C:\xampp\htdocs\fans\css\ewpdf.scss
C:\xampp\htdocs\fans\css\prj_fans.scss
C:\xampp\htdocs\fans\css\query-builder.scss
C:\xampp\htdocs\fans\css\tabulator_bootstrap5.scss
C:\xampp\htdocs\fans\css\tempus-dominus.scss
C:\xampp\htdocs\fans\files\index.html
C:\xampp\htdocs\fans\index.php
C:\xampp\htdocs\fans\js\eweditor.js
C:\xampp\htdocs\fans\js\userevent.js
C:\xampp\htdocs\fans\js\userfn.js
C:\xampp\htdocs\fans\log\index.html
C:\xampp\htdocs\fans\models\Acara.php
C:\xampp\htdocs\fans\models\AcaraAdd.php
C:\xampp\htdocs\fans\models\AcaraDelete.php
C:\xampp\htdocs\fans\models\AcaraEdit.php
C:\xampp\htdocs\fans\models\AcaraList.php
C:\xampp\htdocs\fans\models\AcaraView.php
C:\xampp\htdocs\fans\models\Audittrail.php
C:\xampp\htdocs\fans\models\AudittrailAdd.php
C:\xampp\htdocs\fans\models\AudittrailDelete.php
C:\xampp\htdocs\fans\models\AudittrailEdit.php
C:\xampp\htdocs\fans\models\AudittrailList.php
C:\xampp\htdocs\fans\models\AudittrailView.php
C:\xampp\htdocs\fans\models\Beranda.php
C:\xampp\htdocs\fans\models\ChangePassword.php
C:\xampp\htdocs\fans\models\Employees.php
C:\xampp\htdocs\fans\models\EmployeesAdd.php
C:\xampp\htdocs\fans\models\EmployeesDelete.php
C:\xampp\htdocs\fans\models\EmployeesEdit.php
C:\xampp\htdocs\fans\models\EmployeesList.php
C:\xampp\htdocs\fans\models\EmployeesView.php
C:\xampp\htdocs\fans\models\Fans.php
C:\xampp\htdocs\fans\models\FansAdd.php
C:\xampp\htdocs\fans\models\FansDelete.php
C:\xampp\htdocs\fans\models\FansEdit.php
C:\xampp\htdocs\fans\models\FansList.php
C:\xampp\htdocs\fans\models\FansView.php
C:\xampp\htdocs\fans\models\Login.php
C:\xampp\htdocs\fans\models\Logout.php
C:\xampp\htdocs\fans\models\Lokasi.php
C:\xampp\htdocs\fans\models\LokasiAdd.php
C:\xampp\htdocs\fans\models\LokasiDelete.php
C:\xampp\htdocs\fans\models\LokasiEdit.php
C:\xampp\htdocs\fans\models\LokasiList.php
C:\xampp\htdocs\fans\models\LokasiView.php
C:\xampp\htdocs\fans\models\PersonalData.php
C:\xampp\htdocs\fans\models\Radio.php
C:\xampp\htdocs\fans\models\RadioAdd.php
C:\xampp\htdocs\fans\models\RadioDelete.php
C:\xampp\htdocs\fans\models\RadioEdit.php
C:\xampp\htdocs\fans\models\RadioList.php
C:\xampp\htdocs\fans\models\RadioView.php
C:\xampp\htdocs\fans\models\Userlevelpermissions.php
C:\xampp\htdocs\fans\models\UserlevelpermissionsAdd.php
C:\xampp\htdocs\fans\models\UserlevelpermissionsDelete.php
C:\xampp\htdocs\fans\models\UserlevelpermissionsEdit.php
C:\xampp\htdocs\fans\models\UserlevelpermissionsList.php
C:\xampp\htdocs\fans\models\UserlevelpermissionsView.php
C:\xampp\htdocs\fans\models\Userlevels.php
C:\xampp\htdocs\fans\models\UserlevelsAdd.php
C:\xampp\htdocs\fans\models\UserlevelsDelete.php
C:\xampp\htdocs\fans\models\UserlevelsEdit.php
C:\xampp\htdocs\fans\models\UserlevelsList.php
C:\xampp\htdocs\fans\models\UserlevelsView.php
C:\xampp\htdocs\fans\models\Userpriv.php
C:\xampp\htdocs\fans\package.json
C:\xampp\htdocs\fans\src\AbstractController.php
C:\xampp\htdocs\fans\src\AbstractEntity.php
C:\xampp\htdocs\fans\src\AbstractExport.php
C:\xampp\htdocs\fans\src\AbstractExportBase.php
C:\xampp\htdocs\fans\src\AbstractTwoFactorAuthentication.php
C:\xampp\htdocs\fans\src\AdvancedFilter.php
C:\xampp\htdocs\fans\src\AdvancedSearch.php
C:\xampp\htdocs\fans\src\AdvancedSecurity.php
C:\xampp\htdocs\fans\src\Allow.php
C:\xampp\htdocs\fans\src\ApiActionEvent.php
C:\xampp\htdocs\fans\src\ApiPermissionMiddleware.php
C:\xampp\htdocs\fans\src\Attributes.php
C:\xampp\htdocs\fans\src\Attributes\Delete.php
C:\xampp\htdocs\fans\src\Attributes\Get.php
C:\xampp\htdocs\fans\src\Attributes\Map.php
C:\xampp\htdocs\fans\src\Attributes\Options.php
C:\xampp\htdocs\fans\src\Attributes\Patch.php
C:\xampp\htdocs\fans\src\Attributes\Post.php
C:\xampp\htdocs\fans\src\Attributes\Put.php
C:\xampp\htdocs\fans\src\AuditTrailHandler.php
C:\xampp\htdocs\fans\src\AzureAD.php
C:\xampp\htdocs\fans\src\BasicSearch.php
C:\xampp\htdocs\fans\src\Breadcrumb.php
C:\xampp\htdocs\fans\src\BytesType.php
C:\xampp\htdocs\fans\src\CaptchaBase.php
C:\xampp\htdocs\fans\src\CaptchaInterface.php
C:\xampp\htdocs\fans\src\ChartExporter.php
C:\xampp\htdocs\fans\src\ChartJsRenderer.php
C:\xampp\htdocs\fans\src\ChartRendererInterface.php
C:\xampp\htdocs\fans\src\ChartTypes.php
C:\xampp\htdocs\fans\src\ConfigurationEvent.php
C:\xampp\htdocs\fans\src\ContainerBuildEvent.php
C:\xampp\htdocs\fans\src\CorsMiddleware.php
C:\xampp\htdocs\fans\src\CrosstabColumn.php
C:\xampp\htdocs\fans\src\CrosstabTable.php
C:\xampp\htdocs\fans\src\CustomUploadHandler.php
C:\xampp\htdocs\fans\src\DataType.php
C:\xampp\htdocs\fans\src\DatabaseConnectedEvent.php
C:\xampp\htdocs\fans\src\DatabaseConnectingEvent.php
C:\xampp\htdocs\fans\src\DbChart.php
C:\xampp\htdocs\fans\src\DbField.php
C:\xampp\htdocs\fans\src\DbTable.php
C:\xampp\htdocs\fans\src\DbTableBase.php
C:\xampp\htdocs\fans\src\DebugSqlLogger.php
C:\xampp\htdocs\fans\src\Email.php
C:\xampp\htdocs\fans\src\EmailTwoFactorAuthentication.php
C:\xampp\htdocs\fans\src\EntityDescriptor.php
C:\xampp\htdocs\fans\src\Entity\Acara.php
C:\xampp\htdocs\fans\src\Entity\Audittrail.php
C:\xampp\htdocs\fans\src\Entity\Employee.php
C:\xampp\htdocs\fans\src\Entity\Fan.php
C:\xampp\htdocs\fans\src\Entity\Lokasi.php
C:\xampp\htdocs\fans\src\Entity\Radio.php
C:\xampp\htdocs\fans\src\Entity\Userlevel.php
C:\xampp\htdocs\fans\src\Entity\Userlevelpermission.php
C:\xampp\htdocs\fans\src\ExportCsv.php
C:\xampp\htdocs\fans\src\ExportEmail.php
C:\xampp\htdocs\fans\src\ExportExcel.php
C:\xampp\htdocs\fans\src\ExportHandler.php
C:\xampp\htdocs\fans\src\ExportHtml.php
C:\xampp\htdocs\fans\src\ExportJson.php
C:\xampp\htdocs\fans\src\ExportPdf.php
C:\xampp\htdocs\fans\src\ExportWord.php
C:\xampp\htdocs\fans\src\ExportXml.php
C:\xampp\htdocs\fans\src\FileUploadHandler.php
C:\xampp\htdocs\fans\src\FileViewer.php
C:\xampp\htdocs\fans\src\ForceLogoutUserAction.php
C:\xampp\htdocs\fans\src\GeographyType.php
C:\xampp\htdocs\fans\src\GeometryType.php
C:\xampp\htdocs\fans\src\HierarchyIdType.php
C:\xampp\htdocs\fans\src\HttpErrorHandler.php
C:\xampp\htdocs\fans\src\HttpForm.php
C:\xampp\htdocs\fans\src\HttpServiceUnavailableException.php
C:\xampp\htdocs\fans\src\HttpSession.php
C:\xampp\htdocs\fans\src\HttpUpload.php
C:\xampp\htdocs\fans\src\JwtMiddleware.php
C:\xampp\htdocs\fans\src\Language.php
C:\xampp\htdocs\fans\src\LanguageLoadEvent.php
C:\xampp\htdocs\fans\src\LaravelSessionMiddleware.php
C:\xampp\htdocs\fans\src\LdapConn.php
C:\xampp\htdocs\fans\src\ListAction.php
C:\xampp\htdocs\fans\src\ListActions.php
C:\xampp\htdocs\fans\src\ListOption.php
C:\xampp\htdocs\fans\src\ListOptions.php
C:\xampp\htdocs\fans\src\ListOptionsArray.php
C:\xampp\htdocs\fans\src\LoginStatusEvent.php
C:\xampp\htdocs\fans\src\Lookup.php
C:\xampp\htdocs\fans\src\MaintenanceMiddleware.php
C:\xampp\htdocs\fans\src\Menu.php
C:\xampp\htdocs\fans\src\MenuItem.php
C:\xampp\htdocs\fans\src\MenuItemAddingEvent.php
C:\xampp\htdocs\fans\src\MenuRenderedEvent.php
C:\xampp\htdocs\fans\src\MenuRenderingEvent.php
C:\xampp\htdocs\fans\src\MessagesTrait.php
C:\xampp\htdocs\fans\src\NumericPager.php
C:\xampp\htdocs\fans\src\OptionValues.php
C:\xampp\htdocs\fans\src\PageLoadingEvent.php
C:\xampp\htdocs\fans\src\PageRenderingEvent.php
C:\xampp\htdocs\fans\src\PageUnloadedEvent.php
C:\xampp\htdocs\fans\src\Pager.php
C:\xampp\htdocs\fans\src\PagerItem.php
C:\xampp\htdocs\fans\src\PasswordHash.php
C:\xampp\htdocs\fans\src\PermissionMiddleware.php
C:\xampp\htdocs\fans\src\PhpEncryption.php
C:\xampp\htdocs\fans\src\PragmaRxTwoFactorAuthentication.php
C:\xampp\htdocs\fans\src\PrevNextPager.php
C:\xampp\htdocs\fans\src\PushNotification.php
C:\xampp\htdocs\fans\src\ReportField.php
C:\xampp\htdocs\fans\src\ReportTable.php
C:\xampp\htdocs\fans\src\ResendRegisterEmailAction.php
C:\xampp\htdocs\fans\src\ResetConcurrentUserAction.php
C:\xampp\htdocs\fans\src\ResetLoginRetryAction.php
C:\xampp\htdocs\fans\src\ResetUserSecretAction.php
C:\xampp\htdocs\fans\src\RouteActionEvent.php
C:\xampp\htdocs\fans\src\RouteAttributes.php
C:\xampp\htdocs\fans\src\RowSummary.php
C:\xampp\htdocs\fans\src\RowTotal.php
C:\xampp\htdocs\fans\src\RowType.php
C:\xampp\htdocs\fans\src\Saml2.php
C:\xampp\htdocs\fans\src\SessionHandler.php
C:\xampp\htdocs\fans\src\SetPasswordExpiredAction.php
C:\xampp\htdocs\fans\src\Sms.php
C:\xampp\htdocs\fans\src\SmsTwoFactorAuthentication.php
C:\xampp\htdocs\fans\src\SsoStateSessionStore.php
C:\xampp\htdocs\fans\src\SubPage.php
C:\xampp\htdocs\fans\src\SubPages.php
C:\xampp\htdocs\fans\src\SummaryField.php
C:\xampp\htdocs\fans\src\Timer.php
C:\xampp\htdocs\fans\src\TwoFactorAuthenticationInterface.php
C:\xampp\htdocs\fans\src\UploadHandler.php
C:\xampp\htdocs\fans\src\UserProfile.php
C:\xampp\htdocs\fans\src\XmlDocument.php
C:\xampp\htdocs\fans\src\apiroutes.php
C:\xampp\htdocs\fans\src\config.development.php
C:\xampp\htdocs\fans\src\config.php
C:\xampp\htdocs\fans\src\config.production.php
C:\xampp\htdocs\fans\src\constants.php
C:\xampp\htdocs\fans\src\definitions.php
C:\xampp\htdocs\fans\src\phpfn.php
C:\xampp\htdocs\fans\src\routes.php
C:\xampp\htdocs\fans\src\userfn.php
C:\xampp\htdocs\fans\src\userlevelsettings.php
C:\xampp\htdocs\fans\views\AcaraAdd.php
C:\xampp\htdocs\fans\views\AcaraDelete.php
C:\xampp\htdocs\fans\views\AcaraEdit.php
C:\xampp\htdocs\fans\views\AcaraList.php
C:\xampp\htdocs\fans\views\AcaraView.php
C:\xampp\htdocs\fans\views\AudittrailAdd.php
C:\xampp\htdocs\fans\views\AudittrailDelete.php
C:\xampp\htdocs\fans\views\AudittrailEdit.php
C:\xampp\htdocs\fans\views\AudittrailList.php
C:\xampp\htdocs\fans\views\AudittrailView.php
C:\xampp\htdocs\fans\views\Beranda.php
C:\xampp\htdocs\fans\views\ChangePassword.php
C:\xampp\htdocs\fans\views\EmployeesAdd.php
C:\xampp\htdocs\fans\views\EmployeesDelete.php
C:\xampp\htdocs\fans\views\EmployeesEdit.php
C:\xampp\htdocs\fans\views\EmployeesList.php
C:\xampp\htdocs\fans\views\EmployeesView.php
C:\xampp\htdocs\fans\views\Error.php
C:\xampp\htdocs\fans\views\FansAdd.php
C:\xampp\htdocs\fans\views\FansDelete.php
C:\xampp\htdocs\fans\views\FansEdit.php
C:\xampp\htdocs\fans\views\FansList.php
C:\xampp\htdocs\fans\views\FansView.php
C:\xampp\htdocs\fans\views\Login.php
C:\xampp\htdocs\fans\views\LokasiAdd.php
C:\xampp\htdocs\fans\views\LokasiDelete.php
C:\xampp\htdocs\fans\views\LokasiEdit.php
C:\xampp\htdocs\fans\views\LokasiList.php
C:\xampp\htdocs\fans\views\LokasiView.php
C:\xampp\htdocs\fans\views\PersonalData.php
C:\xampp\htdocs\fans\views\RadioAdd.php
C:\xampp\htdocs\fans\views\RadioDelete.php
C:\xampp\htdocs\fans\views\RadioEdit.php
C:\xampp\htdocs\fans\views\RadioList.php
C:\xampp\htdocs\fans\views\RadioView.php
C:\xampp\htdocs\fans\views\UserlevelpermissionsAdd.php
C:\xampp\htdocs\fans\views\UserlevelpermissionsDelete.php
C:\xampp\htdocs\fans\views\UserlevelpermissionsEdit.php
C:\xampp\htdocs\fans\views\UserlevelpermissionsList.php
C:\xampp\htdocs\fans\views\UserlevelpermissionsView.php
C:\xampp\htdocs\fans\views\UserlevelsAdd.php
C:\xampp\htdocs\fans\views\UserlevelsDelete.php
C:\xampp\htdocs\fans\views\UserlevelsEdit.php
C:\xampp\htdocs\fans\views\UserlevelsList.php
C:\xampp\htdocs\fans\views\UserlevelsView.php
C:\xampp\htdocs\fans\views\Userpriv.php
C:\xampp\htdocs\fans\views\email.php
C:\xampp\htdocs\fans\views\layout.php
C:\xampp\htdocs\fans\views\menu.php
C:\xampp\htdocs\fans\views\swagger.php
C:\xampp\htdocs\fans\web.config